{"D:\\WORK\\ALTEGON\\chat-app\\dummy.js": {"path":"D:\\WORK\\ALTEGON\\chat-app\\dummy.js","statementMap":{"0":{"start":{"line":1,"column":8},"end":{"line":1,"column":9}},"1":{"start":{"line":1,"column":14},"end":{"line":1,"column":16}},"2":{"start":{"line":1,"column":19},"end":{"line":1,"column":21}},"3":{"start":{"line":3,"column":0},"end":{"line":3,"column":37}},"4":{"start":{"line":3,"column":28},"end":{"line":3,"column":37}},"5":{"start":{"line":4,"column":0},"end":{"line":4,"column":30}},"6":{"start":{"line":4,"column":25},"end":{"line":4,"column":30}},"7":{"start":{"line":5,"column":0},"end":{"line":5,"column":56}},"8":{"start":{"line":5,"column":33},"end":{"line":5,"column":56}},"9":{"start":{"line":6,"column":0},"end":{"line":6,"column":56}},"10":{"start":{"line":6,"column":33},"end":{"line":6,"column":56}},"11":{"start":{"line":7,"column":0},"end":{"line":7,"column":35}},"12":{"start":{"line":7,"column":30},"end":{"line":7,"column":35}},"13":{"start":{"line":8,"column":0},"end":{"line":8,"column":29}},"14":{"start":{"line":8,"column":26},"end":{"line":8,"column":29}},"15":{"start":{"line":9,"column":0},"end":{"line":14,"column":1}},"16":{"start":{"line":10,"column":12},"end":{"line":10,"column":13}},"17":{"start":{"line":11,"column":4},"end":{"line":13,"column":5}},"18":{"start":{"line":12,"column":8},"end":{"line":12,"column":15}},"19":{"start":{"line":13,"column":6},"end":{"line":13,"column":14}}},"fnMap":{"0":{"name":"(anonymous_0)","decl":{"start":{"line":3,"column":17},"end":{"line":3,"column":18}},"loc":{"start":{"line":3,"column":28},"end":{"line":3,"column":37}},"line":3},"1":{"name":"(anonymous_1)","decl":{"start":{"line":4,"column":14},"end":{"line":4,"column":15}},"loc":{"start":{"line":4,"column":25},"end":{"line":4,"column":30}},"line":4},"2":{"name":"(anonymous_2)","decl":{"start":{"line":5,"column":14},"end":{"line":5,"column":15}},"loc":{"start":{"line":5,"column":33},"end":{"line":5,"column":56}},"line":5},"3":{"name":"(anonymous_3)","decl":{"start":{"line":6,"column":14},"end":{"line":6,"column":15}},"loc":{"start":{"line":6,"column":33},"end":{"line":6,"column":56}},"line":6},"4":{"name":"(anonymous_4)","decl":{"start":{"line":7,"column":19},"end":{"line":7,"column":20}},"loc":{"start":{"line":7,"column":30},"end":{"line":7,"column":35}},"line":7},"5":{"name":"(anonymous_5)","decl":{"start":{"line":8,"column":17},"end":{"line":8,"column":18}},"loc":{"start":{"line":8,"column":26},"end":{"line":8,"column":29}},"line":8},"6":{"name":"(anonymous_6)","decl":{"start":{"line":9,"column":20},"end":{"line":9,"column":21}},"loc":{"start":{"line":9,"column":29},"end":{"line":14,"column":1}},"line":9}},"branchMap":{},"s":{"0":1,"1":1,"2":1,"3":1,"4":1,"5":1,"6":1,"7":1,"8":1,"9":1,"10":1,"11":1,"12":1,"13":1,"14":1,"15":1,"16":1,"17":1,"18":5,"19":1},"f":{"0":1,"1":1,"2":1,"3":1,"4":1,"5":1,"6":1},"b":{},"_coverageSchema":"1a1c01bbd47fc00a2c39e90264f33305004495a9","hash":"22d10d61b1b1e47ddbcf729c17d0c80f1e179e9c"}
}
